{"/Users/benardasiimwebataringaya/Documents/work/microverse/todo-list-es6/src/modules/ToDo.js": {"path":"/Users/benardasiimwebataringaya/Documents/work/microverse/todo-list-es6/src/modules/ToDo.js","statementMap":{"0":{"start":{"line":3,"column":23},"end":{"line":3,"column":67}},"1":{"start":{"line":4,"column":4},"end":{"line":4,"column":40}},"2":{"start":{"line":8,"column":4},"end":{"line":8,"column":68}},"3":{"start":{"line":12,"column":4},"end":{"line":12,"column":75}},"4":{"start":{"line":13,"column":4},"end":{"line":13,"column":22}},"5":{"start":{"line":17,"column":17},"end":{"line":17,"column":38}},"6":{"start":{"line":18,"column":24},"end":{"line":26,"column":6}},"7":{"start":{"line":19,"column":6},"end":{"line":24,"column":7}},"8":{"start":{"line":20,"column":8},"end":{"line":23,"column":10}},"9":{"start":{"line":25,"column":6},"end":{"line":25,"column":16}},"10":{"start":{"line":27,"column":4},"end":{"line":27,"column":36}},"11":{"start":{"line":31,"column":17},"end":{"line":31,"column":38}},"12":{"start":{"line":32,"column":24},"end":{"line":40,"column":6}},"13":{"start":{"line":33,"column":6},"end":{"line":38,"column":7}},"14":{"start":{"line":34,"column":8},"end":{"line":37,"column":10}},"15":{"start":{"line":39,"column":6},"end":{"line":39,"column":16}},"16":{"start":{"line":41,"column":4},"end":{"line":41,"column":36}},"17":{"start":{"line":45,"column":21},"end":{"line":45,"column":42}},"18":{"start":{"line":46,"column":24},"end":{"line":49,"column":5}},"19":{"start":{"line":50,"column":4},"end":{"line":50,"column":36}},"20":{"start":{"line":54,"column":21},"end":{"line":54,"column":42}},"21":{"start":{"line":55,"column":24},"end":{"line":55,"column":78}},"22":{"start":{"line":55,"column":48},"end":{"line":55,"column":77}},"23":{"start":{"line":56,"column":4},"end":{"line":56,"column":51}},"24":{"start":{"line":60,"column":4},"end":{"line":60,"column":28}},"25":{"start":{"line":63,"column":11},"end":{"line":69,"column":1}},"26":{"start":{"line":64,"column":21},"end":{"line":64,"column":23}},"27":{"start":{"line":65,"column":2},"end":{"line":67,"column":3}},"28":{"start":{"line":65,"column":15},"end":{"line":65,"column":16}},"29":{"start":{"line":66,"column":4},"end":{"line":66,"column":51}},"30":{"start":{"line":68,"column":2},"end":{"line":68,"column":20}},"31":{"start":{"line":72,"column":13},"end":{"line":72,"column":23}}},"fnMap":{"0":{"name":"(anonymous_0)","decl":{"start":{"line":2,"column":2},"end":{"line":2,"column":3}},"loc":{"start":{"line":2,"column":16},"end":{"line":5,"column":3}},"line":2},"1":{"name":"(anonymous_1)","decl":{"start":{"line":7,"column":2},"end":{"line":7,"column":3}},"loc":{"start":{"line":7,"column":15},"end":{"line":9,"column":3}},"line":7},"2":{"name":"(anonymous_2)","decl":{"start":{"line":11,"column":2},"end":{"line":11,"column":3}},"loc":{"start":{"line":11,"column":23},"end":{"line":14,"column":3}},"line":11},"3":{"name":"(anonymous_3)","decl":{"start":{"line":16,"column":2},"end":{"line":16,"column":3}},"loc":{"start":{"line":16,"column":35},"end":{"line":28,"column":3}},"line":16},"4":{"name":"(anonymous_4)","decl":{"start":{"line":18,"column":33},"end":{"line":18,"column":34}},"loc":{"start":{"line":18,"column":41},"end":{"line":26,"column":5}},"line":18},"5":{"name":"(anonymous_5)","decl":{"start":{"line":30,"column":2},"end":{"line":30,"column":3}},"loc":{"start":{"line":30,"column":31},"end":{"line":42,"column":3}},"line":30},"6":{"name":"(anonymous_6)","decl":{"start":{"line":32,"column":33},"end":{"line":32,"column":34}},"loc":{"start":{"line":32,"column":41},"end":{"line":40,"column":5}},"line":32},"7":{"name":"(anonymous_7)","decl":{"start":{"line":44,"column":2},"end":{"line":44,"column":3}},"loc":{"start":{"line":44,"column":34},"end":{"line":51,"column":3}},"line":44},"8":{"name":"(anonymous_8)","decl":{"start":{"line":53,"column":2},"end":{"line":53,"column":3}},"loc":{"start":{"line":53,"column":20},"end":{"line":57,"column":3}},"line":53},"9":{"name":"(anonymous_9)","decl":{"start":{"line":55,"column":40},"end":{"line":55,"column":41}},"loc":{"start":{"line":55,"column":48},"end":{"line":55,"column":77}},"line":55},"10":{"name":"(anonymous_10)","decl":{"start":{"line":59,"column":2},"end":{"line":59,"column":3}},"loc":{"start":{"line":59,"column":19},"end":{"line":61,"column":3}},"line":59},"11":{"name":"(anonymous_11)","decl":{"start":{"line":63,"column":11},"end":{"line":63,"column":12}},"loc":{"start":{"line":63,"column":22},"end":{"line":69,"column":1}},"line":63}},"branchMap":{"0":{"loc":{"start":{"line":4,"column":23},"end":{"line":4,"column":39}},"type":"binary-expr","locations":[{"start":{"line":4,"column":23},"end":{"line":4,"column":33}},{"start":{"line":4,"column":37},"end":{"line":4,"column":39}}],"line":4},"1":{"loc":{"start":{"line":19,"column":6},"end":{"line":24,"column":7}},"type":"if","locations":[{"start":{"line":19,"column":6},"end":{"line":24,"column":7}},{"start":{},"end":{}}],"line":19},"2":{"loc":{"start":{"line":33,"column":6},"end":{"line":38,"column":7}},"type":"if","locations":[{"start":{"line":33,"column":6},"end":{"line":38,"column":7}},{"start":{},"end":{}}],"line":33}},"s":{"0":2,"1":2,"2":6,"3":6,"4":6,"5":0,"6":0,"7":0,"8":0,"9":0,"10":0,"11":0,"12":0,"13":0,"14":0,"15":0,"16":0,"17":4,"18":4,"19":4,"20":2,"21":2,"22":4,"23":2,"24":11,"25":2,"26":8,"27":8,"28":8,"29":10,"30":8,"31":2},"f":{"0":2,"1":6,"2":6,"3":0,"4":0,"5":0,"6":0,"7":4,"8":2,"9":4,"10":11,"11":8},"b":{"0":[2,2],"1":[0,0],"2":[0,0]},"_coverageSchema":"1a1c01bbd47fc00a2c39e90264f33305004495a9","hash":"e68921e9e0fead0fc98071157f786dad0bdde309"}
}
