TN:
SF:src/modules/ToDo.js
FN:2,(anonymous_0)
FN:7,(anonymous_1)
FN:11,(anonymous_2)
FN:16,(anonymous_3)
FN:18,(anonymous_4)
FN:30,(anonymous_5)
FN:32,(anonymous_6)
FN:44,(anonymous_7)
FN:53,(anonymous_8)
FN:55,(anonymous_9)
FN:59,(anonymous_10)
FN:63,(anonymous_11)
FNF:12
FNH:8
FNDA:2,(anonymous_0)
FNDA:6,(anonymous_1)
FNDA:6,(anonymous_2)
FNDA:0,(anonymous_3)
FNDA:0,(anonymous_4)
FNDA:0,(anonymous_5)
FNDA:0,(anonymous_6)
FNDA:4,(anonymous_7)
FNDA:2,(anonymous_8)
FNDA:4,(anonymous_9)
FNDA:11,(anonymous_10)
FNDA:8,(anonymous_11)
DA:3,2
DA:4,2
DA:8,6
DA:12,6
DA:13,6
DA:17,0
DA:18,0
DA:19,0
DA:20,0
DA:25,0
DA:27,0
DA:31,0
DA:32,0
DA:33,0
DA:34,0
DA:39,0
DA:41,0
DA:45,4
DA:46,4
DA:50,4
DA:54,2
DA:55,4
DA:56,2
DA:60,11
DA:63,2
DA:64,8
DA:65,8
DA:66,10
DA:68,8
DA:72,2
LF:30
LH:18
BRDA:4,0,0,2
BRDA:4,0,1,2
BRDA:19,1,0,0
BRDA:19,1,1,0
BRDA:33,2,0,0
BRDA:33,2,1,0
BRF:6
BRH:2
end_of_record
